[laravel.com/docs/4.html]
[backblue.gif]
[fade.gif]
[index.html]
[laravel.com/favicon5e1f.png]
[use.edgefonts.net/source-sans-pro_n3,i3,n4,i4,n6,i6,n7,i7.js]
[use.edgefonts.net/source-code-pro.js]
[laravel.com/docs/master.html]
[laravel.com/docs/4-2.html]
[laravel.com/docs/4-3.html]
[laravel.com/assets/img/logo-head.png]
[laravel.com/docs/4.2/introduction.html]
[laravel.com/docs/4.2/quick.html]
[laravel.com/docs/4.2/releases.html]
[laravel.com/docs/4.2/upgrade.html]
[laravel.com/docs/4.2/contributions.html]
[laravel.com/docs/4.2/installation.html]
[laravel.com/docs/4.2/configuration.html]
[laravel.com/docs/4.2/homestead.html]
[laravel.com/docs/4.2/lifecycle.html]
[laravel.com/docs/4.2/routing.html]
[laravel.com/docs/4.2/requests.html]
[laravel.com/docs/4.2/responses.html]
[laravel.com/docs/4.2/controllers.html]
[laravel.com/docs/4.2/errors.html]
[laravel.com/docs/4.2/security.html]
[laravel.com/docs/4.2/billing.html]
[laravel.com/docs/4.2/cache.html]
[laravel.com/docs/4.2/extending.html]
[laravel.com/docs/4.2/events.html]
[laravel.com/docs/4.2/facades.html]
[laravel.com/docs/4.2/html.html]
[laravel.com/docs/4.2/helpers.html]
[laravel.com/docs/4.2/ioc.html]
[laravel.com/docs/4.2/localization.html]
[laravel.com/docs/4.2/mail.html]
[laravel.com/docs/4.2/packages.html]
[laravel.com/docs/4.2/pagination.html]
[laravel.com/docs/4.2/queues.html]
[laravel.com/docs/4.2/session.html]
[laravel.com/docs/4.2/ssh.html]
[laravel.com/docs/4.2/templates.html]
[laravel.com/docs/4.2/testing.html]
[laravel.com/docs/4.2/validation.html]
[laravel.com/docs/4.2/database.html]
[laravel.com/docs/4.2/queries.html]
[laravel.com/docs/4.2/eloquent.html]
[laravel.com/docs/4.2/schema.html]
[laravel.com/docs/4.2/migrations.html]
[laravel.com/docs/4.2/redis.html]
[laravel.com/docs/4.2/artisan.html]
[laravel.com/docs/4.2/commands.html]
[laravel.com/assets/img/logo-foot.png]
[laravel.com/docs/4.html]
[laravel.com/assets/js/bundle.js]
[laravel.com/docs/master/introduction.html]
[laravel.com/docs/master/releases.html]
[laravel.com/docs/master/upgrade.html]
[laravel.com/docs/master/contributions.html]
[laravel.com/docs/master/installation.html]
[laravel.com/docs/master/configuration.html]
[laravel.com/docs/master/homestead.html]
[laravel.com/docs/master/routing.html]
[laravel.com/docs/master/middleware.html]
[laravel.com/docs/master/controllers.html]
[laravel.com/docs/master/requests.html]
[laravel.com/docs/master/responses.html]
[laravel.com/docs/master/views.html]
[laravel.com/docs/master/providers.html]
[laravel.com/docs/master/container.html]
[laravel.com/docs/master/contracts.html]
[laravel.com/docs/master/facades.html]
[laravel.com/docs/master/lifecycle.html]
[laravel.com/docs/master/structure.html]
[laravel.com/docs/master/authentication.html]
[laravel.com/docs/master/billing.html]
[laravel.com/docs/master/cache.html]
[laravel.com/docs/master/collections.html]
[laravel.com/docs/master/bus.html]
[laravel.com/docs/master/extending.html]
[laravel.com/docs/master/encryption.html]
[laravel.com/docs/master/errors.html]
[laravel.com/docs/master/events.html]
[laravel.com/docs/master/filesystem.html]
[laravel.com/docs/master/hashing.html]
[laravel.com/docs/master/helpers.html]
[laravel.com/docs/master/localization.html]
[laravel.com/docs/master/mail.html]
[laravel.com/docs/master/packages.html]
[laravel.com/docs/master/pagination.html]
[laravel.com/docs/master/queues.html]
[laravel.com/docs/master/session.html]
[laravel.com/docs/master/templates.html]
[laravel.com/docs/master/testing.html]
[laravel.com/docs/master/validation.html]
[laravel.com/docs/master/database.html]
[laravel.com/docs/master/queries.html]
[laravel.com/docs/master/eloquent.html]
[laravel.com/docs/master/schema.html]
[laravel.com/docs/master/migrations.html]
[laravel.com/docs/master/redis.html]
[laravel.com/docs/master/artisan.html]
[laravel.com/docs/master.html]
[laravel.com/docs/master/commands.html]
[laravel.com/docs/4.1/introduction.html]
[laravel.com/docs/4.1/quick.html]
[laravel.com/docs/4.1/releases.html]
[laravel.com/docs/4.1/upgrade.html]
[laravel.com/docs/4.1/installation.html]
[laravel.com/docs/4.1/configuration.html]
[laravel.com/docs/4.1/lifecycle.html]
[laravel.com/docs/4.1/routing.html]
[laravel.com/docs/4.1/requests.html]
[laravel.com/docs/4.1/responses.html]
[laravel.com/docs/4.1/controllers.html]
[laravel.com/docs/4.1/errors.html]
[laravel.com/docs/4.1/security.html]
[laravel.com/docs/4.1/cache.html]
[laravel.com/docs/4.1/extending.html]
[laravel.com/docs/4.1/events.html]
[laravel.com/docs/4.1/facades.html]
[laravel.com/docs/4.1/html.html]
[laravel.com/docs/4.1/helpers.html]
[laravel.com/docs/4.1/ioc.html]
[laravel.com/docs/4.1/localization.html]
[laravel.com/docs/4.1/mail.html]
[laravel.com/docs/4.1/packages.html]
[laravel.com/docs/4.1/pagination.html]
[laravel.com/docs/4.1/queues.html]
[laravel.com/docs/4.1/session.html]
[laravel.com/docs/4.1/ssh.html]
[laravel.com/docs/4.1/templates.html]
[laravel.com/docs/4.1/testing.html]
[laravel.com/docs/4.1/validation.html]
[laravel.com/docs/4.1/database.html]
[laravel.com/docs/4.1/queries.html]
[laravel.com/docs/4.1/eloquent.html]
[laravel.com/docs/4.1/schema.html]
[laravel.com/docs/4.1/migrations.html]
[laravel.com/docs/4.1/redis.html]
[laravel.com/docs/4.1/artisan.html]
[laravel.com/docs/4.1/commands.html]
[laravel.com/docs/4-2.html]
[laravel.com/docs/4.0/introduction.html]
[laravel.com/docs/4.0/quick.html]
[laravel.com/docs/4.0/contributing.html]
[laravel.com/docs/4.0/installation.html]
[laravel.com/docs/4.0/configuration.html]
[laravel.com/docs/4.0/lifecycle.html]
[laravel.com/docs/4.0/routing.html]
[laravel.com/docs/4.0/requests.html]
[laravel.com/docs/4.0/responses.html]
[laravel.com/docs/4.0/controllers.html]
[laravel.com/docs/4.0/errors.html]
[laravel.com/docs/4.0/cache.html]
[laravel.com/docs/4.0/extending.html]
[laravel.com/docs/4.0/events.html]
[laravel.com/docs/4.0/facades.html]
[laravel.com/docs/4.0/html.html]
[laravel.com/docs/4.0/helpers.html]
[laravel.com/docs/4.0/ioc.html]
[laravel.com/docs/4.0/localization.html]
[laravel.com/docs/4.0/mail.html]
[laravel.com/docs/4.0/packages.html]
[laravel.com/docs/4.0/pagination.html]
[laravel.com/docs/4.0/queues.html]
[laravel.com/docs/4.0/security.html]
[laravel.com/docs/4.0/session.html]
[laravel.com/docs/4.0/templates.html]
[laravel.com/docs/4.0/testing.html]
[laravel.com/docs/4.0/validation.html]
[laravel.com/docs/4.0/database.html]
[laravel.com/docs/4.0/queries.html]
[laravel.com/docs/4.0/eloquent.html]
[laravel.com/docs/4.0/schema.html]
[laravel.com/docs/4.0/migrations.html]
[laravel.com/docs/4.0/redis.html]
[laravel.com/docs/4.0/artisan.html]
[laravel.com/docs/4-3.html]
[laravel.com/docs/4.0/commands.html]
[laravel.com/docs/4.2/introduction.html]
[laravel.com/docs/4.2/quick.html]
[laravel.com/docs/4.2/releases.html]
[laravel.com/docs/4.2/upgrade.html]
[laravel.com/docs/4.2/contributions.html]
[laravel.com/docs/4.2/installation.html]
[laravel.com/docs/4.2/configuration.html]
[laravel.com/docs/4.2/homestead.html]
[laravel.com/docs/4.2/lifecycle.html]
[laravel.com/docs/4.2/routing.html]
[laravel.com/docs/4.2/requests.html]
[laravel.com/docs/4.2/responses.html]
[laravel.com/docs/4.2/controllers.html]
[laravel.com/docs/4.2/errors.html]
[laravel.com/docs/4.2/security.html]
[laravel.com/docs/4.2/billing.html]
[laravel.com/docs/4.2/cache.html]
[laravel.com/docs/4.2/extending.html]
[laravel.com/docs/4.2/events.html]
[laravel.com/docs/4.2/facades.html]
[laravel.com/docs/4.2/html.html]
[laravel.com/docs/4.2/helpers.html]
[laravel.com/docs/4.2/ioc.html]
[laravel.com/docs/4.2/localization.html]
[laravel.com/docs/4.2/mail.html]
[laravel.com/docs/4.2/packages.html]
[laravel.com/docs/4.2/pagination.html]
[laravel.com/docs/4.2/queues.html]
[laravel.com/docs/4.2/session.html]
[laravel.com/docs/4.2/ssh.html]
[laravel.com/docs/4.2/templates.html]
[laravel.com/docs/4.2/testing.html]
[laravel.com/docs/4.2/validation.html]
[laravel.com/docs/4.2/database.html]
[laravel.com/docs/4.2/queries.html]
[laravel.com/docs/4.2/eloquent.html]
[laravel.com/docs/4.2/schema.html]
[laravel.com/docs/4.2/migrations.html]
[laravel.com/docs/4.2/redis.html]
[laravel.com/docs/4.2/artisan.html]
[laravel.com/docs/4.2/commands.html]
[laravel.com/docs/master/introduction.html]
[laravel.com/docs/master/releases.html]
[laravel.com/docs/master/upgrade.html]
[laravel.com/docs/master/contributions.html]
[laravel.com/docs/master/installation.html]
[laravel.com/docs/master/configuration.html]
[laravel.com/docs/master/homestead.html]
[laravel.com/docs/master/routing.html]
[laravel.com/docs/master/middleware.html]
[laravel.com/docs/master/controllers.html]
[laravel.com/docs/master/requests.html]
[laravel.com/docs/master/responses.html]
[laravel.com/docs/master/views.html]
[laravel.com/docs/master/providers.html]
[laravel.com/docs/master/container.html]
[laravel.com/docs/master/contracts.html]
[laravel.com/docs/master/facades.html]
[laravel.com/docs/master/lifecycle.html]
[laravel.com/docs/master/structure.html]
[laravel.com/docs/master/authentication.html]
[laravel.com/docs/master/billing.html]
[laravel.com/docs/master/cache.html]
[laravel.com/docs/master/collections.html]
[laravel.com/docs/master/bus.html]
[laravel.com/docs/master/extending.html]
[laravel.com/docs/master/encryption.html]
[laravel.com/docs/master/errors.html]
[laravel.com/docs/master/events.html]
[laravel.com/docs/master/filesystem.html]
[laravel.com/docs/master/hashing.html]
[laravel.com/docs/master/helpers.html]
[laravel.com/docs/master/localization.html]
[laravel.com/docs/master/mail.html]
[laravel.com/docs/master/packages.html]
[laravel.com/docs/master/pagination.html]
[laravel.com/docs/master/queues.html]
[laravel.com/docs/master/session.html]
[laravel.com/docs/master/templates.html]
[laravel.com/docs/master/testing.html]
[laravel.com/docs/master/validation.html]
[laravel.com/docs/master/database.html]
[laravel.com/docs/master/queries.html]
[laravel.com/docs/master/eloquent.html]
[laravel.com/docs/master/schema.html]
[laravel.com/docs/master/migrations.html]
[laravel.com/docs/master/redis.html]
[laravel.com/docs/master/artisan.html]
[laravel.com/docs/master/commands.html]
[laravel.com/docs/4.1/introduction.html]
[laravel.com/docs/4.1/quick.html]
[laravel.com/docs/4.1/releases.html]
[laravel.com/docs/4.1/upgrade.html]
[laravel.com/docs/4.1/installation.html]
[laravel.com/docs/4.1/configuration.html]
[laravel.com/docs/4.1/lifecycle.html]
[laravel.com/docs/4.1/routing.html]
[laravel.com/docs/4.1/requests.html]
[laravel.com/docs/4.1/responses.html]
[laravel.com/docs/4.1/controllers.html]
[laravel.com/docs/4.1/errors.html]
[laravel.com/docs/4.1/security.html]
[laravel.com/docs/4.1/cache.html]
[laravel.com/docs/4.1/extending.html]
[laravel.com/docs/4.1/events.html]
[laravel.com/docs/4.1/facades.html]
[laravel.com/docs/4.1/html.html]
[laravel.com/docs/4.1/helpers.html]
[laravel.com/docs/4.1/ioc.html]
[laravel.com/docs/4.1/localization.html]
[laravel.com/docs/4.1/mail.html]
[laravel.com/docs/4.1/packages.html]
[laravel.com/docs/4.1/pagination.html]
[laravel.com/docs/4.1/queues.html]
[laravel.com/docs/4.1/session.html]
[laravel.com/docs/4.1/ssh.html]
[laravel.com/docs/4.1/templates.html]
[laravel.com/docs/4.1/testing.html]
[laravel.com/docs/4.1/validation.html]
[laravel.com/docs/4.1/database.html]
[laravel.com/docs/4.1/queries.html]
[laravel.com/docs/4.1/eloquent.html]
[laravel.com/docs/4.1/schema.html]
[laravel.com/docs/4.1/migrations.html]
[laravel.com/docs/4.1/redis.html]
[laravel.com/docs/4.1/artisan.html]
[laravel.com/docs/4.1/commands.html]
[laravel.com/docs/4.0/introduction.html]
[laravel.com/docs/4.0/quick.html]
[laravel.com/docs/4.0/contributing.html]
[laravel.com/docs/4.0/installation.html]
[laravel.com/docs/4.0/configuration.html]
[laravel.com/docs/4.0/lifecycle.html]
[laravel.com/docs/4.0/routing.html]
[laravel.com/docs/4.0/requests.html]
[laravel.com/docs/4.0/responses.html]
[laravel.com/docs/4.0/controllers.html]
[laravel.com/docs/4.0/errors.html]
[laravel.com/docs/4.0/cache.html]
[laravel.com/docs/4.0/extending.html]
[laravel.com/docs/4.0/events.html]
[laravel.com/docs/4.0/facades.html]
[laravel.com/docs/4.0/html.html]
[laravel.com/docs/4.0/helpers.html]
[laravel.com/docs/4.0/ioc.html]
[laravel.com/docs/4.0/localization.html]
[laravel.com/docs/4.0/mail.html]
[laravel.com/docs/4.0/packages.html]
[laravel.com/docs/4.0/pagination.html]
[laravel.com/docs/4.0/queues.html]
[laravel.com/docs/4.0/security.html]
[laravel.com/docs/4.0/session.html]
[laravel.com/docs/4.0/templates.html]
[laravel.com/docs/4.0/testing.html]
[laravel.com/docs/4.0/validation.html]
[laravel.com/docs/4.0/database.html]
[laravel.com/docs/4.0/queries.html]
[laravel.com/docs/4.0/eloquent.html]
[laravel.com/docs/4.0/schema.html]
[laravel.com/docs/4.0/migrations.html]
[laravel.com/docs/4.0/redis.html]
[laravel.com/docs/4.0/artisan.html]
[laravel.com/docs/4.0/commands.html]
[laravel.com/docs/master/templating.html]
[laravel.com/assets/img/sprite.1b7.delayed]
[laravel.com/assets/img/logo-head.png]
[laravel.com/assets/img/logo-foot.png]
[laravel.com/assets/img/bg-input.png]
[laravel.com/assets/js/bundle.js]
[laravel.com/assets/img/bg-input-focus.png]
[laravel.com/assets/img/sprite.png]
[laravel.com/assets/img/backgrounds/bg_axiom.png]
[laravel.com/assets/img/bg-input-focus.png]
[laravel.com/assets/img/backgrounds/bg_azsubtle.png]
[laravel.com/assets/img/backgrounds/bg_backpattern.png]
[laravel.com/assets/img/backgrounds/bg_axiom.png]
[laravel.com/assets/img/backgrounds/bg_bedgegrunge.png]
[laravel.com/assets/img/backgrounds/bg_birds.png]
[laravel.com/assets/img/backgrounds/bg_azsubtle.png]
[laravel.com/assets/img/backgrounds/bg_backpattern.png]
[laravel.com/assets/img/backgrounds/bg_blackthread.png]
[laravel.com/assets/img/backgrounds/bg_brightsquares.png]
[laravel.com/assets/img/backgrounds/bg_birds.png]
[laravel.com/assets/img/backgrounds/bg_blackthread.png]
[laravel.com/assets/img/backgrounds/bg_bullseyes.png]
[laravel.com/assets/img/backgrounds/bg_cartographer.png]
[laravel.com/assets/img/backgrounds/bg_circles.png]
[laravel.com/assets/img/backgrounds/bg_classyfabric.png]
[laravel.com/assets/img/backgrounds/bg_crackle.png]
[laravel.com/assets/img/backgrounds/bg_circles.png]
[laravel.com/assets/img/backgrounds/bg_crisscross.png]
[laravel.com/assets/img/backgrounds/bg_classyfabric.png]
[laravel.com/assets/img/backgrounds/bg_debutdark.png]
[laravel.com/assets/img/backgrounds/bg_debutlight.png]
[laravel.com/assets/img/backgrounds/bg_decalees.png]
[laravel.com/assets/img/backgrounds/bg_diagonalstriped.png]
[laravel.com/assets/img/backgrounds/bg_diagonalwaves.png]
[laravel.com/assets/img/backgrounds/bg_crackle.png]
[laravel.com/assets/img/backgrounds/bg_debutdark.png]
[laravel.com/assets/img/backgrounds/bg_debutlight.png]
[laravel.com/assets/img/backgrounds/bg_diamond.png]
[laravel.com/assets/img/backgrounds/bg_decalees.png]
[laravel.com/assets/img/backgrounds/bg_diagonalstriped.png]
[laravel.com/assets/img/backgrounds/bg_escheresque.png]
[laravel.com/assets/img/backgrounds/bg_diamond.png]
[laravel.com/assets/img/backgrounds/bg_diagonalwaves.png]
[laravel.com/assets/img/backgrounds/bg_geometric.png]
[laravel.com/assets/img/backgrounds/bg_escheresque.png]
[laravel.com/assets/img/backgrounds/bg_gplay.png]
[laravel.com/assets/img/backgrounds/bg_geometric.png]
[laravel.com/assets/img/backgrounds/bg_grayjean.png]
[laravel.com/assets/img/backgrounds/bg_grey.png]
[laravel.com/assets/img/backgrounds/bg_gplay.png]
[laravel.com/assets/img/backgrounds/bg_hexabump.png]
[laravel.com/assets/img/backgrounds/bg_grayjean.png]
[laravel.com/assets/img/backgrounds/bg_illusion.png]
[laravel.com/assets/img/backgrounds/bg_leather.png]
[laravel.com/assets/img/backgrounds/bg_lens.png]
[laravel.com/assets/img/backgrounds/bg_hexabump.png]
[laravel.com/assets/img/backgrounds/bg_linedpaper.png]
[laravel.com/assets/img/backgrounds/bg_illusion.png]
[laravel.com/assets/img/backgrounds/bg_nistri.png]
[laravel.com/assets/img/backgrounds/bg_none.png]
[laravel.com/assets/img/backgrounds/bg_lens.png]
[laravel.com/assets/img/backgrounds/bg_nistri.png]
[laravel.com/assets/img/backgrounds/bg_norwegian.png]
[laravel.com/assets/img/backgrounds/bg_none.png]
[laravel.com/assets/img/backgrounds/bg_oliva.png]
[laravel.com/assets/img/backgrounds/bg_psychedelic.png]
[laravel.com/assets/img/backgrounds/bg_norwegian.png]
[laravel.com/assets/img/backgrounds/bg_px.png]
[laravel.com/assets/img/backgrounds/bg_retinawood.png]
[laravel.com/assets/img/backgrounds/bg_ricepaper.png]
[laravel.com/assets/img/backgrounds/bg_px.png]
[laravel.com/assets/img/backgrounds/bg_robots.png]
[laravel.com/assets/img/backgrounds/bg_shattered.png]
[laravel.com/assets/img/backgrounds/bg_straws.png]
[laravel.com/assets/img/backgrounds/bg_subtledots.png]
[laravel.com/assets/img/backgrounds/bg_swirl.png]
[laravel.com/assets/img/backgrounds/bg_tactile.png]
[laravel.com/assets/img/backgrounds/bg_tasky.png]
[laravel.com/assets/img/backgrounds/bg_tinygrid.png]
[laravel.com/assets/img/backgrounds/bg_tire.png]
[laravel.com/assets/img/backgrounds/bg_type.png]
[laravel.com/assets/img/backgrounds/bg_vichy.png]
[laravel.com/assets/img/backgrounds/bg_robots.png]
[laravel.com/assets/img/backgrounds/bg_straws.png]
[laravel.com/assets/img/backgrounds/bg_wavecut.png]
[laravel.com/assets/img/backgrounds/bg_weave.png]
[laravel.com/assets/img/backgrounds/bg_subtledots.png]
[laravel.com/assets/img/backgrounds/bg_whitediamond.png]
[laravel.com/assets/img/backgrounds/bg_swirl.png]
[laravel.com/assets/img/backgrounds/bg_tactile.png]
[laravel.com/assets/img/backgrounds/bg_whitewall.png]
[laravel.com/assets/img/backgrounds/bg_tasky.png]
[laravel.com/assets/img/backgrounds/bg_tinygrid.png]
[laravel.com/assets/img/backgrounds/bg_tire.png]
[laravel.com/assets/img/backgrounds/bg_wood.png]
[laravel.com/assets/img/backgrounds/bg_type.png]
[laravel.com/assets/img/backgrounds/bg_vichy.png]
[laravel.com/assets/img/backgrounds/bg_worndots.png]
[laravel.com/assets/img/backgrounds/bg_wavecut.png]
[laravel.com/assets/img/backgrounds/bg_woven.png]
[laravel.com/assets/img/backgrounds/bg_xv.png]
[laravel.com/assets/img/header.jpg]
[laravel.com/assets/img/backgrounds/bg_weave.png]
[laravel.com/assets/img/sublime-inner.png]
[laravel.com/assets/img/backgrounds/bg_whitediamond.png]
[laravel.com/assets/img/quotes.jpg]
[laravel.com/assets/img/backgrounds/bg_worndots.png]
[laravel.com/assets/css/styles.css]
[laravel.com/assets/img/backgrounds/bg_whitewall.png]
[laravel.com/assets/img/backgrounds/bg_woven.png]
[laravel.com/assets/img/backgrounds/bg_xv.png]
[laravel.com/assets/img/header.jpg]
[laravel.com/assets/img/sublime-inner.png]
[laravel.com/docs/4.2/introduction.html]
[laravel.com/docs/master/introduction.html]
[laravel.com/assets/fonts/Elusive-Icons.svg]
